time="2022-12-16T22:21:08+03:00" level=info msg="create router" func="main.main()" file="app.go:15"
time="2022-12-16T22:24:55+03:00" level=info msg="create router" func="main.main()" file="app.go:16"
time="2022-12-16T22:24:55+03:00" level=info msg="register user handler" func="main.main()" file="app.go:19"
time="2022-12-16T22:24:55+03:00" level=info msg="start application" func="main.start()" file="app.go:27"
time="2022-12-16T23:16:19+03:00" level=info msg="create router" func="main.main()" file="app.go:17"
time="2022-12-16T23:16:19+03:00" level=info msg="register user handler" func="main.main()" file="app.go:20"
time="2022-12-16T23:16:19+03:00" level=info msg="start application" func="main.start()" file="app.go:31"
time="2022-12-16T23:17:00+03:00" level=info msg="create router" func="main.main()" file="app.go:16"
time="2022-12-16T23:17:00+03:00" level=info msg="register user handler" func="main.main()" file="app.go:19"
time="2022-12-16T23:17:00+03:00" level=info msg="{{false false false false   _ . false false false false false false false <nil> false  [/config.yaml] [PATH=/usr/local/bin:/Users/artemkrasavin/.nvm/versions/node/v16.16.0/bin:/opt/homebrew/bin:/opt/homebrew/sbin:/usr/local/bin:/System/Cryptexes/App/usr/bin:/usr/bin:/bin:/usr/sbin:/sbin:/usr/local/go/bin:/Applications/Visual Studio Code.app/Contents/Resources/app/bin:/usr/local/go/bin MANPATH=/Users/artemkrasavin/.nvm/versions/node/v16.16.0/share/man:/opt/homebrew/share/man:: TERM=xterm-256color HOMEBREW_PREFIX=/opt/homebrew COMMAND_MODE=unix2003 NVM_INC=/Users/artemkrasavin/.nvm/versions/node/v16.16.0/include/node LOGNAME=artemkrasavin HOMEBREW_REPOSITORY=/opt/homebrew XPC_SERVICE_NAME=application.com.jetbrains.intellij.14971552.14972312 PWD=/Users/artemkrasavin/Documents/work/diplom-backend INFOPATH=/opt/homebrew/share/info: __CFBundleIdentifier=com.jetbrains.intellij NVM_CD_FLAGS=-q SHELL=/bin/zsh NVM_DIR=/Users/artemkrasavin/.nvm PAGER=less LSCOLORS=Gxfxcxdxbxegedabagacad OLDPWD=/ HOMEBREW_CELLAR=/opt/homebrew/Cellar GOPATH=/Users/artemkrasavin/go USER=artemkrasavin GOROOT=/usr/local/go ZSH=/Users/artemkrasavin/.oh-my-zsh TMPDIR=/var/folders/3v/d0p7rv8s5874dc2v406r5qr00000gn/T/ P9K_SSH=0 GO111MODULE=on SSH_AUTH_SOCK=/private/tmp/com.apple.launchd.q7yOq4doLR/Listeners XPC_FLAGS=0x0 __CF_USER_TEXT_ENCODING=0x1F5:0x7:0x31 LESS=-R LC_CTYPE=ru_RU.UTF-8 NVM_BIN=/Users/artemkrasavin/.nvm/versions/node/v16.16.0/bin HOME=/Users/artemkrasavin] [] map[.json:0x14000013140]} 0x140000264c0 [0x140001322c0 0x14000132420 0x140001324d0 0x14000132580] 0x14000013130 0x140001144e0 <nil>}" func="main.main()" file="app.go:24"
time="2022-12-16T23:17:00+03:00" level=info msg="start application" func="main.start()" file="app.go:30"
time="2022-12-17T13:31:06+03:00" level=info msg="create router" func="main.main()" file="app.go:17"
time="2022-12-17T13:31:06+03:00" level=info msg="register user handler" func="main.main()" file="app.go:20"
time="2022-12-17T13:31:06+03:00" level=info msg="start application" func="main.start()" file="app.go:31"
time="2022-12-17T13:37:06+03:00" level=info msg="create router" func="main.main()" file="app.go:17"
time="2022-12-17T13:37:06+03:00" level=info msg="register user handler" func="main.main()" file="app.go:20"
time="2022-12-17T13:37:06+03:00" level=info msg="start application" func="main.start()" file="app.go:31"
time="2022-12-17T13:39:45+03:00" level=info msg="create router" func="main.main()" file="app.go:17"
time="2022-12-17T13:39:45+03:00" level=info msg="register user handler" func="main.main()" file="app.go:20"
time="2022-12-17T13:39:45+03:00" level=info msg="start application" func="main.start()" file="app.go:31"
time="2022-12-17T13:40:32+03:00" level=info msg="create router" func="main.main()" file="app.go:17"
time="2022-12-17T13:40:32+03:00" level=info msg="register user handler" func="main.main()" file="app.go:20"
time="2022-12-17T13:40:32+03:00" level=info msg="start application" func="main.start()" file="app.go:31"
time="2022-12-17T13:52:50+03:00" level=info msg="create router" func="main.main()" file="app.go:17"
time="2022-12-17T13:52:50+03:00" level=info msg="register user handler" func="main.main()" file="app.go:20"
time="2022-12-17T13:52:50+03:00" level=info msg="start application" func="main.start()" file="app.go:31"
time="2022-12-17T13:54:24+03:00" level=info msg="create router" func="main.main()" file="app.go:17"
time="2022-12-17T13:54:24+03:00" level=info msg="register user handler" func="main.main()" file="app.go:20"
time="2022-12-17T13:54:24+03:00" level=info msg="start application" func="main.start()" file="app.go:31"
time="2022-12-17T13:55:40+03:00" level=info msg="create router" func="main.main()" file="app.go:17"
time="2022-12-17T13:55:40+03:00" level=info msg="register user handler" func="main.main()" file="app.go:20"
time="2022-12-17T13:56:19+03:00" level=info msg="create router" func="main.main()" file="app.go:17"
time="2022-12-17T13:56:19+03:00" level=info msg="register user handler" func="main.main()" file="app.go:20"
time="2022-12-17T13:56:19+03:00" level=info msg="start application" func="main.start()" file="app.go:31"
time="2022-12-17T13:56:24+03:00" level=info msg="create router" func="main.main()" file="app.go:17"
time="2022-12-17T13:56:24+03:00" level=info msg="register user handler" func="main.main()" file="app.go:20"
time="2022-12-17T13:56:24+03:00" level=info msg="start application" func="main.start()" file="app.go:31"
time="2022-12-17T13:59:19+03:00" level=info msg="create router" func="main.main()" file="app.go:17"
time="2022-12-17T13:59:19+03:00" level=info msg="register user handler" func="main.main()" file="app.go:20"
time="2022-12-17T14:01:38+03:00" level=info msg="create router" func="main.main()" file="app.go:17"
time="2022-12-17T14:01:38+03:00" level=info msg="register user handler" func="main.main()" file="app.go:20"
time="2022-12-17T14:10:24+03:00" level=info msg="create router" func="main.main()" file="app.go:17"
time="2022-12-17T14:10:24+03:00" level=info msg="register user handler" func="main.main()" file="app.go:20"
time="2022-12-17T14:10:24+03:00" level=info msg="start application" func="main.start()" file="app.go:31"
time="2022-12-17T14:10:45+03:00" level=info msg="create router" func="main.main()" file="app.go:17"
time="2022-12-17T14:10:45+03:00" level=info msg="register user handler" func="main.main()" file="app.go:20"
time="2022-12-17T14:10:45+03:00" level=info msg="start application" func="main.start()" file="app.go:31"
time="2022-12-17T14:13:57+03:00" level=info msg="create router" func="main.main()" file="app.go:17"
time="2022-12-17T14:13:57+03:00" level=info msg="register user handler" func="main.main()" file="app.go:20"
time="2022-12-17T14:13:57+03:00" level=info msg="start application" func="main.start()" file="app.go:31"
time="2022-12-17T14:14:07+03:00" level=info msg="create router" func="main.main()" file="app.go:17"
time="2022-12-17T14:14:07+03:00" level=info msg="register user handler" func="main.main()" file="app.go:20"
time="2022-12-17T14:14:07+03:00" level=info msg="start application" func="main.start()" file="app.go:31"
time="2022-12-18T16:28:53+03:00" level=info msg="create router" func="main.main()" file="app.go:17"
time="2022-12-18T16:28:53+03:00" level=info msg="register user handler" func="main.main()" file="app.go:20"
time="2022-12-18T16:28:53+03:00" level=info msg="read application configuration" func="diplom/internal/config.GetConfig()" file="config.go:22"
time="2022-12-18T16:28:53+03:00" level=info msg="start application" func="main.start()" file="app.go:31"
time="2022-12-18T16:51:36+03:00" level=info msg="create router" func="main.main()" file="app.go:17"
time="2022-12-18T16:51:36+03:00" level=info msg="get config" func="main.main()" file="app.go:20"
time="2022-12-18T16:51:36+03:00" level=info msg="read application configuration" func="diplom/internal/config.GetConfig()" file="config.go:22"
time="2022-12-18T16:51:36+03:00" level=info msg="register user handler" func="main.main()" file="app.go:23"
time="2022-12-18T16:51:36+03:00" level=info msg="start application" func="main.start()" file="app.go:32"
time="2022-12-18T16:51:36+03:00" level=info msg="listen tcp" func="main.start()" file="app.go:34"
